<?xml version="1.0" encoding="UTF-8"?>
<testsuite name="wyManagement"
           tests="7"
           failures="0"
           errors="0"
           skipped="0"
           time="1010.509">
  <properties />
  
  
            <testcase name="systemLogin" time="19.721" classname="testng.wyController" />
                <testcase name="cardTypeAction" time="40.217" classname="testng.wyController" />
                <testcase name="cardHouseAction" time="211.046" classname="testng.wyController" />
                <testcase name="cardPublicAction" time="245.375" classname="testng.wyController" />
                <testcase name="deleteAction" time="24.864" classname="testng.wyController" />
                <testcase name="blackListAction" time="208.310" classname="testng.wyController" />
                <testcase name="expireCardAction" time="260.976" classname="testng.wyController" />
      
</testsuite>
