<?xml version="1.0" encoding="UTF-8"?>
<testng-results skipped="0" failed="0" total="9" passed="9">
  <reporter-output>
    <line>
      <![CDATA[登录物业管理云平台pass!]]>
    </line>
    <line>
      <![CDATA[卡类型pass!并查找成功!]]>
    </line>
    <line>
      <![CDATA[编辑卡类型pass!]]>
    </line>
    <line>
      <![CDATA[住户卡pass!并查找成功!]]>
    </line>
    <line>
      <![CDATA[编辑住户卡pass!]]>
    </line>
    <line>
      <![CDATA[住户卡移到黑名单后，住户卡界面无此记录pass!]]>
    </line>
    <line>
      <![CDATA[住户卡移出黑名单后，黑名单界面无此记录pass!]]>
    </line>
    <line>
      <![CDATA[住户卡，门禁卡界面查找成功!]]>
    </line>
    <line>
      <![CDATA[住户卡!门禁卡界面核对信息pass]]>
    </line>
    <line>
      <![CDATA[删除住户卡pass!]]>
    </line>
    <line>
      <![CDATA[住户卡删除pass!门禁卡无此住户记录!]]>
    </line>
    <line>
      <![CDATA[公卡，门禁卡界面查找成功!]]>
    </line>
    <line>
      <![CDATA[公卡pass!门禁卡界面核对信息成功!]]>
    </line>
    <line>
      <![CDATA[公卡pass!并查找成功!]]>
    </line>
    <line>
      <![CDATA[编辑公卡pass!]]>
    </line>
    <line>
      <![CDATA[公卡移到黑名单后，公卡界面无此记录pass!]]>
    </line>
    <line>
      <![CDATA[公卡，门禁卡界面查找成功!]]>
    </line>
    <line>
      <![CDATA[公卡移入黑名单!门禁卡界面核对信息成功!]]>
    </line>
    <line>
      <![CDATA[公卡移出黑名单后，黑名单界面无此记录pass!]]>
    </line>
    <line>
      <![CDATA[公卡，门禁卡界面查找成功!]]>
    </line>
    <line>
      <![CDATA[公卡移出黑名单pass!门禁卡界面核对信息成功!]]>
    </line>
    <line>
      <![CDATA[删除公卡pass!]]>
    </line>
    <line>
      <![CDATA[公卡删除pass!门禁卡无此公卡记录!]]>
    </line>
    <line>
      <![CDATA[住户卡pass!门禁卡界面查找成功!]]>
    </line>
    <line>
      <![CDATA[住户卡pass!门禁卡界面核对信息成功!]]>
    </line>
    <line>
      <![CDATA[住户卡pass!并查找成功!]]>
    </line>
    <line>
      <![CDATA[住户卡移到黑名单后，住户卡无此记录pass!]]>
    </line>
    <line>
      <![CDATA[住户卡移入黑名单后门禁卡界面查找成功!]]>
    </line>
    <line>
      <![CDATA[住户卡移入黑名单后,门禁卡界面核对信息成功!]]>
    </line>
    <line>
      <![CDATA[移入黑名单后，删除pass!]]>
    </line>
    <line>
      <![CDATA[门禁卡界面无此黑卡]]>
    </line>
    <line>
      <![CDATA[过期卡pass!并查找无此记录成功!]]>
    </line>
    <line>
      <![CDATA[过期住户卡，门禁卡界面查找成功!]]>
    </line>
    <line>
      <![CDATA[过期住户卡添加pass!门禁卡界面核对信息成功!]]>
    </line>
    <line>
      <![CDATA[过期卡界面查找过期卡pass!]]>
    </line>
    <line>
      <![CDATA[过期卡重启成功，本页无此记录pass!]]>
    </line>
    <line>
      <![CDATA[重启过期住户卡，门禁卡界面查找成功!]]>
    </line>
    <line>
      <![CDATA[重启过期住户卡pass!门禁卡界面核对信息成功!]]>
    </line>
    <line>
      <![CDATA[住户卡界面验证重启过期卡pass!]]>
    </line>
    <line>
      <![CDATA[编辑住户卡使其变成过期卡pass!]]>
    </line>
    <line>
      <![CDATA[过期卡，删除pass!]]>
    </line>
    <line>
      <![CDATA[门禁卡界面无此过期卡!]]>
    </line>
    <line>
      <![CDATA[卡类型查找成功!]]>
    </line>
    <line>
      <![CDATA[删除卡类型pass!]]>
    </line>
    <line>
      <![CDATA[登录社区资源管理平台pass!]]>
    </line>
    <line>
      <![CDATA[查找设备成功!]]>
    </line>
    <line>
      <![CDATA[删除设备成功!]]>
    </line>
    <line>
      <![CDATA[查找小区成功!]]>
    </line>
    <line>
      <![CDATA[删除住户pass!]]>
    </line>
    <line>
      <![CDATA[删除楼宇pass!]]>
    </line>
    <line>
      <![CDATA[删除小区pass!]]>
    </line>
  </reporter-output>
  <suite name="lzmhwy" duration-ms="1012813" started-at="2018-06-11T08:55:54Z" finished-at="2018-06-11T09:12:47Z">
    <groups>
    </groups>
    <test name="wyManagement" duration-ms="1012813" started-at="2018-06-11T08:55:54Z" finished-at="2018-06-11T09:12:47Z">
      <class name="testng.wyController">
        <test-method status="PASS" signature="setUp()[pri:0, instance:testng.wyController@1fafcae2]" name="setUp" is-config="true" duration-ms="2056" started-at="2018-06-11T16:55:54Z" finished-at="2018-06-11T16:55:56Z">
          <reporter-output>
          </reporter-output>
        </test-method> <!-- setUp -->
        <test-method status="PASS" signature="systemLogin(java.lang.String, java.lang.String)[pri:0, instance:testng.wyController@1fafcae2]" name="systemLogin" duration-ms="19721" started-at="2018-06-11T16:55:56Z" description="login for lzmh system" finished-at="2018-06-11T16:56:16Z">
          <params>
            <param index="0">
              <value>
                <![CDATA[songwy]]>
              </value>
            </param>
            <param index="1">
              <value>
                <![CDATA[11]]>
              </value>
            </param>
          </params>
          <reporter-output>
            <line>
              <![CDATA[登录物业管理云平台pass!]]>
            </line>
          </reporter-output>
        </test-method> <!-- systemLogin -->
        <test-method status="PASS" signature="cardTypeAction(java.lang.String, java.lang.String, java.lang.String)[pri:0, instance:testng.wyController@1fafcae2]" name="cardTypeAction" duration-ms="40217" started-at="2018-06-11T16:56:16Z" description="login for lzmh system" finished-at="2018-06-11T16:56:56Z">
          <params>
            <param index="0">
              <value>
                <![CDATA[songer物业]]>
              </value>
            </param>
            <param index="1">
              <value>
                <![CDATA[xss自动化卡类型]]>
              </value>
            </param>
            <param index="2">
              <value>
                <![CDATA[08:00:00-18:00:00]]>
              </value>
            </param>
          </params>
          <reporter-output>
            <line>
              <![CDATA[卡类型pass!并查找成功!]]>
            </line>
            <line>
              <![CDATA[编辑卡类型pass!]]>
            </line>
          </reporter-output>
        </test-method> <!-- cardTypeAction -->
        <test-method status="PASS" signature="cardHouseAction(java.lang.String, java.lang.String, java.lang.String, java.lang.String, java.lang.String, java.lang.String)[pri:0, instance:testng.wyController@1fafcae2]" name="cardHouseAction" duration-ms="211046" started-at="2018-06-11T16:56:56Z" description="cardHouse for lzmh system" finished-at="2018-06-11T17:00:27Z">
          <params>
            <param index="0">
              <value>
                <![CDATA[songer.xing]]>
              </value>
            </param>
            <param index="1">
              <value>
                <![CDATA[456456]]>
              </value>
            </param>
            <param index="2">
              <value>
                <![CDATA[songer.xing]]>
              </value>
            </param>
            <param index="3">
              <value>
                <![CDATA[13110923309]]>
              </value>
            </param>
            <param index="4">
              <value>
                <![CDATA[2018-07-01]]>
              </value>
            </param>
            <param index="5">
              <value>
                <![CDATA[xss自动化卡类型]]>
              </value>
            </param>
          </params>
          <reporter-output>
            <line>
              <![CDATA[住户卡pass!并查找成功!]]>
            </line>
            <line>
              <![CDATA[编辑住户卡pass!]]>
            </line>
            <line>
              <![CDATA[住户卡移到黑名单后，住户卡界面无此记录pass!]]>
            </line>
            <line>
              <![CDATA[住户卡移出黑名单后，黑名单界面无此记录pass!]]>
            </line>
            <line>
              <![CDATA[住户卡，门禁卡界面查找成功!]]>
            </line>
            <line>
              <![CDATA[住户卡!门禁卡界面核对信息pass]]>
            </line>
            <line>
              <![CDATA[删除住户卡pass!]]>
            </line>
            <line>
              <![CDATA[住户卡删除pass!门禁卡无此住户记录!]]>
            </line>
          </reporter-output>
        </test-method> <!-- cardHouseAction -->
        <test-method status="PASS" signature="cardPublicAction(java.lang.String, java.lang.String, java.lang.String, java.lang.String, java.lang.String)[pri:0, instance:testng.wyController@1fafcae2]" name="cardPublicAction" duration-ms="245375" started-at="2018-06-11T17:00:27Z" description="cardPublic for lzmh system" finished-at="2018-06-11T17:04:32Z">
          <params>
            <param index="0">
              <value>
                <![CDATA[songer.xing]]>
              </value>
            </param>
            <param index="1">
              <value>
                <![CDATA[123321]]>
              </value>
            </param>
            <param index="2">
              <value>
                <![CDATA[songer.xing]]>
              </value>
            </param>
            <param index="3">
              <value>
                <![CDATA[xss自动化卡类型]]>
              </value>
            </param>
            <param index="4">
              <value>
                <![CDATA[13110923309]]>
              </value>
            </param>
          </params>
          <reporter-output>
            <line>
              <![CDATA[公卡，门禁卡界面查找成功!]]>
            </line>
            <line>
              <![CDATA[公卡pass!门禁卡界面核对信息成功!]]>
            </line>
            <line>
              <![CDATA[公卡pass!并查找成功!]]>
            </line>
            <line>
              <![CDATA[编辑公卡pass!]]>
            </line>
            <line>
              <![CDATA[公卡移到黑名单后，公卡界面无此记录pass!]]>
            </line>
            <line>
              <![CDATA[公卡，门禁卡界面查找成功!]]>
            </line>
            <line>
              <![CDATA[公卡移入黑名单!门禁卡界面核对信息成功!]]>
            </line>
            <line>
              <![CDATA[公卡移出黑名单后，黑名单界面无此记录pass!]]>
            </line>
            <line>
              <![CDATA[公卡，门禁卡界面查找成功!]]>
            </line>
            <line>
              <![CDATA[公卡移出黑名单pass!门禁卡界面核对信息成功!]]>
            </line>
            <line>
              <![CDATA[删除公卡pass!]]>
            </line>
            <line>
              <![CDATA[公卡删除pass!门禁卡无此公卡记录!]]>
            </line>
          </reporter-output>
        </test-method> <!-- cardPublicAction -->
        <test-method status="PASS" signature="blackListAction(java.lang.String, java.lang.String, java.lang.String, java.lang.String, java.lang.String)[pri:0, instance:testng.wyController@1fafcae2]" name="blackListAction" duration-ms="208310" started-at="2018-06-11T17:04:32Z" description="blackList for lzmh system" finished-at="2018-06-11T17:08:01Z">
          <params>
            <param index="0">
              <value>
                <![CDATA[songer.xing]]>
              </value>
            </param>
            <param index="1">
              <value>
                <![CDATA[7788116]]>
              </value>
            </param>
            <param index="2">
              <value>
                <![CDATA[songer.xing]]>
              </value>
            </param>
            <param index="3">
              <value>
                <![CDATA[2018-07-01]]>
              </value>
            </param>
            <param index="4">
              <value>
                <![CDATA[xss自动化卡类型]]>
              </value>
            </param>
          </params>
          <reporter-output>
            <line>
              <![CDATA[住户卡pass!门禁卡界面查找成功!]]>
            </line>
            <line>
              <![CDATA[住户卡pass!门禁卡界面核对信息成功!]]>
            </line>
            <line>
              <![CDATA[住户卡pass!并查找成功!]]>
            </line>
            <line>
              <![CDATA[住户卡移到黑名单后，住户卡无此记录pass!]]>
            </line>
            <line>
              <![CDATA[住户卡移入黑名单后门禁卡界面查找成功!]]>
            </line>
            <line>
              <![CDATA[住户卡移入黑名单后,门禁卡界面核对信息成功!]]>
            </line>
            <line>
              <![CDATA[移入黑名单后，删除pass!]]>
            </line>
            <line>
              <![CDATA[门禁卡界面无此黑卡]]>
            </line>
          </reporter-output>
        </test-method> <!-- blackListAction -->
        <test-method status="PASS" signature="expireCardAction(java.lang.String, java.lang.String, java.lang.String, java.lang.String, java.lang.String, java.lang.String)[pri:0, instance:testng.wyController@1fafcae2]" name="expireCardAction" duration-ms="260976" started-at="2018-06-11T17:08:01Z" description="expireCard for lzmh system" finished-at="2018-06-11T17:12:22Z">
          <params>
            <param index="0">
              <value>
                <![CDATA[songer.xing]]>
              </value>
            </param>
            <param index="1">
              <value>
                <![CDATA[50712]]>
              </value>
            </param>
            <param index="2">
              <value>
                <![CDATA[songer.xing]]>
              </value>
            </param>
            <param index="3">
              <value>
                <![CDATA[2016-07-05]]>
              </value>
            </param>
            <param index="4">
              <value>
                <![CDATA[13110923309]]>
              </value>
            </param>
            <param index="5">
              <value>
                <![CDATA[xss自动化卡类型]]>
              </value>
            </param>
          </params>
          <reporter-output>
            <line>
              <![CDATA[过期卡pass!并查找无此记录成功!]]>
            </line>
            <line>
              <![CDATA[过期住户卡，门禁卡界面查找成功!]]>
            </line>
            <line>
              <![CDATA[过期住户卡添加pass!门禁卡界面核对信息成功!]]>
            </line>
            <line>
              <![CDATA[过期卡界面查找过期卡pass!]]>
            </line>
            <line>
              <![CDATA[过期卡重启成功，本页无此记录pass!]]>
            </line>
            <line>
              <![CDATA[重启过期住户卡，门禁卡界面查找成功!]]>
            </line>
            <line>
              <![CDATA[重启过期住户卡pass!门禁卡界面核对信息成功!]]>
            </line>
            <line>
              <![CDATA[住户卡界面验证重启过期卡pass!]]>
            </line>
            <line>
              <![CDATA[编辑住户卡使其变成过期卡pass!]]>
            </line>
            <line>
              <![CDATA[过期卡，删除pass!]]>
            </line>
            <line>
              <![CDATA[门禁卡界面无此过期卡!]]>
            </line>
          </reporter-output>
        </test-method> <!-- expireCardAction -->
        <test-method status="PASS" signature="deleteAction(java.lang.String)[pri:0, instance:testng.wyController@1fafcae2]" name="deleteAction" duration-ms="24864" started-at="2018-06-11T17:12:22Z" description="clear for lzmh system" finished-at="2018-06-11T17:12:47Z">
          <params>
            <param index="0">
              <value>
                <![CDATA[xss自动化卡类型]]>
              </value>
            </param>
          </params>
          <reporter-output>
            <line>
              <![CDATA[卡类型查找成功!]]>
            </line>
            <line>
              <![CDATA[删除卡类型pass!]]>
            </line>
          </reporter-output>
        </test-method> <!-- deleteAction -->
        <test-method status="PASS" signature="tearDown()[pri:0, instance:testng.wyController@1fafcae2]" name="tearDown" is-config="true" duration-ms="212" started-at="2018-06-11T17:12:47Z" finished-at="2018-06-11T17:12:47Z">
          <reporter-output>
          </reporter-output>
        </test-method> <!-- tearDown -->
      </class> <!-- testng.wyController -->
    </test> <!-- wyManagement -->
  </suite> <!-- lzmhwy -->
  <suite name="end" duration-ms="150850" started-at="2018-06-11T09:12:47Z" finished-at="2018-06-11T09:15:18Z">
    <groups>
    </groups>
    <test name="CommunityEnd" duration-ms="150850" started-at="2018-06-11T09:12:47Z" finished-at="2018-06-11T09:15:18Z">
      <class name="testng.CommunityController">
        <test-method status="PASS" signature="setUp()[pri:0, instance:testng.CommunityController@14bc040f]" name="setUp" is-config="true" duration-ms="1276" started-at="2018-06-11T17:12:47Z" finished-at="2018-06-11T17:12:48Z">
          <reporter-output>
          </reporter-output>
        </test-method> <!-- setUp -->
        <test-method status="PASS" signature="systemLogin(java.lang.String, java.lang.String, java.lang.String)[pri:0, instance:testng.CommunityController@14bc040f]" name="systemLogin" duration-ms="18061" started-at="2018-06-11T17:12:48Z" description="login for lzmh system" finished-at="2018-06-11T17:13:06Z">
          <params>
            <param index="0">
              <value>
                <![CDATA[songsong]]>
              </value>
            </param>
            <param index="1">
              <value>
                <![CDATA[11]]>
              </value>
            </param>
            <param index="2">
              <value>
                <![CDATA[1111]]>
              </value>
            </param>
          </params>
          <reporter-output>
            <line>
              <![CDATA[登录社区资源管理平台pass!]]>
            </line>
          </reporter-output>
        </test-method> <!-- systemLogin -->
        <test-method status="PASS" signature="deleteAction(java.lang.String, java.lang.String, java.lang.String)[pri:0, instance:testng.CommunityController@14bc040f]" name="deleteAction" duration-ms="131295" started-at="2018-06-11T17:13:06Z" description="clear for lzmh system" finished-at="2018-06-11T17:15:17Z">
          <params>
            <param index="0">
              <value>
                <![CDATA[xss自动化测试机]]>
              </value>
            </param>
            <param index="1">
              <value>
                <![CDATA[songer.xing]]>
              </value>
            </param>
            <param index="2">
              <value>
                <![CDATA[0601018056544848806570801651660e]]>
              </value>
            </param>
          </params>
          <reporter-output>
            <line>
              <![CDATA[查找设备成功!]]>
            </line>
            <line>
              <![CDATA[删除设备成功!]]>
            </line>
            <line>
              <![CDATA[查找小区成功!]]>
            </line>
            <line>
              <![CDATA[删除住户pass!]]>
            </line>
            <line>
              <![CDATA[删除楼宇pass!]]>
            </line>
            <line>
              <![CDATA[删除小区pass!]]>
            </line>
          </reporter-output>
        </test-method> <!-- deleteAction -->
        <test-method status="PASS" signature="tearDown()[pri:0, instance:testng.CommunityController@14bc040f]" name="tearDown" is-config="true" duration-ms="214" started-at="2018-06-11T17:15:17Z" finished-at="2018-06-11T17:15:18Z">
          <reporter-output>
          </reporter-output>
        </test-method> <!-- tearDown -->
      </class> <!-- testng.CommunityController -->
    </test> <!-- CommunityEnd -->
  </suite> <!-- end -->
</testng-results>
