<?xml version="1.0" encoding="UTF-8"?>
<!-- Generated by org.testng.reporters.JUnitXMLReporter -->
<testsuite hostname="PC201605191017" name="CommunityManagement" tests="5" failures="1" timestamp="21 Nov 2016 06:24:12 GMT" time="38.872" errors="0">
  <testcase name="systemLogin" time="21.327" classname="testng.CommunityController">
    <failure type="java.lang.AssertionError" message="expected [true] but found [false]">
      <![CDATA[java.lang.AssertionError: expected [true] but found [false]
	at testng.CommunityController.systemLogin(CommunityController.java:51)
... Removed 37 stack frames]]>
    </failure>
  </testcase> <!-- systemLogin -->
  <testcase name="communityAction" time="0.0" classname="testng.CommunityController">
    <skipped/>
  </testcase> <!-- communityAction -->
  <testcase name="residentAction" time="0.0" classname="testng.CommunityController">
    <skipped/>
  </testcase> <!-- residentAction -->
  <testcase name="equipmentAction" time="0.0" classname="testng.CommunityController">
    <skipped/>
  </testcase> <!-- equipmentAction -->
  <testcase name="deleteAction" time="0.0" classname="testng.CommunityController">
    <skipped/>
  </testcase> <!-- deleteAction -->
</testsuite> <!-- CommunityManagement -->
