<?xml version="1.0" encoding="UTF-8"?>
<testsuite name="TestSuite" time="1,159.804" tests="9" errors="0" skipped="0" failures="0">
  <properties>
[...]
</properties>
  <testcase name="systemLogin" classname="testng.wyController" time="19.73"/>
  <testcase name="cardTypeAction" classname="testng.wyController" time="40.194"/>
  <testcase name="cardHouseAction" classname="testng.wyController" time="211.043"/>
  <testcase name="cardPublicAction" classname="testng.wyController" time="245.373"/>
  <testcase name="blackListAction" classname="testng.wyController" time="208.282"/>
  <testcase name="expireCardAction" classname="testng.wyController" time="260.976"/>
  <testcase name="deleteAction" classname="testng.wyController" time="24.864"/>
  <testcase name="systemLogin" classname="testng.CommunityController" time="18.062"/>
  <testcase name="deleteAction" classname="testng.CommunityController" time="131.28"/>
</testsuite>