<?xml version="1.0" encoding="UTF-8"?>
<!-- Generated by org.testng.reporters.JUnitXMLReporter -->
<testsuite hostname="PC201605191017" name="CommunityManagement" tests="3" failures="0" timestamp="12 Jun 2018 07:12:26 GMT" time="238.496" errors="0">
  <testcase name="systemLogin" time="17.899" classname="testng.CommunityController"/>
  <testcase name="communityAction" time="132.13" classname="testng.CommunityController"/>
  <testcase name="equipmentAction" time="86.094" classname="testng.CommunityController"/>
</testsuite> <!-- CommunityManagement -->
